#
# There is insufficient memory for the Java Runtime Environment to continue.
# Native memory allocation (malloc) failed to allocate 1314256 bytes for Chunk::new
# Possible reasons:
#   The system is out of physical RAM or swap space
#   In 32 bit mode, the process size limit was hit
# Possible solutions:
#   Reduce memory load on the system
#   Increase physical memory or swap space
#   Check if swap backing store is full
#   Use 64 bit Java on a 64 bit OS
#   Decrease Java heap size (-Xmx/-Xms)
#   Decrease number of Java threads
#   Decrease Java thread stack sizes (-Xss)
#   Set larger code cache with -XX:ReservedCodeCacheSize=
# This output file may be truncated or incomplete.
#
#  Out of Memory Error (allocation.cpp:390), pid=6340, tid=0x0000000000003440
#
# JRE version: OpenJDK Runtime Environment (8.0_152-b06) (build 1.8.0_152-release-1136-b06)
# Java VM: OpenJDK 64-Bit Server VM (25.152-b06 mixed mode windows-amd64 compressed oops)
# Failed to write core dump. Minidumps are not enabled by default on client versions of Windows
#

---------------  T H R E A D  ---------------

Current thread (0x0000000016a89000):  JavaThread "C2 CompilerThread0" daemon [_thread_in_native, id=13376, stack(0x0000000018390000,0x0000000018490000)]

Stack: [0x0000000018390000,0x0000000018490000]
[error occurred during error reporting (printing stack bounds), id 0xc0000005]

Native frames: (J=compiled Java code, j=interpreted, Vv=VM code, C=native code)


Current CompileTask:
C2:1503287 24492       4       com.android.utils.XmlUtils::append (540 bytes)


---------------  P R O C E S S  ---------------

Java Threads: ( => current thread )
  0x000000001bae6000 JavaThread "stdout" [_thread_in_native, id=3412, stack(0x0000000035b60000,0x0000000035c60000)]
  0x000000001bae9000 JavaThread "stderr" [_thread_in_native, id=12132, stack(0x0000000035a60000,0x0000000035b60000)]
  0x000000001baed000 JavaThread "pool-20-thread-1" [_thread_blocked, id=9672, stack(0x0000000035960000,0x0000000035a60000)]
  0x000000001bae5800 JavaThread "ForkJoinPool.commonPool-worker-2" daemon [_thread_blocked, id=13028, stack(0x0000000035860000,0x0000000035960000)]
  0x000000001baec000 JavaThread "Task worker for ':' Thread 3" [_thread_blocked, id=9576, stack(0x0000000035760000,0x0000000035860000)]
  0x000000002a93f800 JavaThread "Task worker for ':' Thread 2" [_thread_blocked, id=9724, stack(0x0000000035660000,0x0000000035760000)]
  0x000000002a93e000 JavaThread "Task worker for ':'" [_thread_blocked, id=6792, stack(0x0000000035560000,0x0000000035660000)]
  0x000000002a93d800 JavaThread "Cache worker for Build Output Cleanup Cache (C:\Users\Administrator\Desktop\openhack\2019_OPENHACK_TEAM22\.gradle\buildOutputCleanup)" [_thread_blocked, id=10092, stack(0x0000000035460000,0x0000000035560000)]
  0x000000002a936000 JavaThread "Cache worker for task history cache (C:\Users\Administrator\Desktop\openhack\2019_OPENHACK_TEAM22\.gradle\4.6\taskHistory)" [_thread_blocked, id=16096, stack(0x0000000035360000,0x0000000035460000)]
  0x000000002a93c800 JavaThread "Cache worker for file content cache (C:\Users\Administrator\Desktop\openhack\2019_OPENHACK_TEAM22\.gradle\4.6\fileContent)" [_thread_blocked, id=16184, stack(0x0000000035260000,0x0000000035360000)]
  0x000000002a93c000 JavaThread "Build operations Thread 4" [_thread_blocked, id=12612, stack(0x0000000035160000,0x0000000035260000)]
  0x000000002a934800 JavaThread "Build operations Thread 3" [_thread_blocked, id=1196, stack(0x0000000035060000,0x0000000035160000)]
  0x000000002a935000 JavaThread "Build operations Thread 2" [_thread_blocked, id=5896, stack(0x0000000034f60000,0x0000000035060000)]
  0x000000002a93b000 JavaThread "Build operations" [_thread_blocked, id=15468, stack(0x0000000034e60000,0x0000000034f60000)]
  0x000000002a93a800 JavaThread "Cache worker for Artifact transforms cache (C:\Users\Administrator\.gradle\caches\transforms-1)" [_thread_blocked, id=2092, stack(0x0000000034d60000,0x0000000034e60000)]
  0x000000002a933800 JavaThread "Cache worker for file hash cache (C:\Users\Administrator\Desktop\openhack\2019_OPENHACK_TEAM22\.gradle\4.6\fileHashes)" [_thread_blocked, id=15008, stack(0x0000000034c60000,0x0000000034d60000)]
  0x000000002a933000 JavaThread "Stdin handler" [_thread_blocked, id=13832, stack(0x0000000034b60000,0x0000000034c60000)]
  0x000000002a932000 JavaThread "Asynchronous log dispatcher for DefaultDaemonConnection: socket connection from /127.0.0.1:57694 to /127.0.0.1:62514" [_thread_blocked, id=15464, stack(0x0000000034a60000,0x0000000034b60000)]
  0x000000002a939000 JavaThread "Daemon worker Thread 4" [_thread_blocked, id=13804, stack(0x0000000034960000,0x0000000034a60000)]
  0x000000002a931800 JavaThread "Cancel handler" [_thread_blocked, id=3492, stack(0x0000000034860000,0x0000000034960000)]
  0x000000002a938000 JavaThread "Handler for socket connection from /127.0.0.1:57694 to /127.0.0.1:62514" [_thread_in_native, id=15020, stack(0x0000000034760000,0x0000000034860000)]
  0x000000002a937800 JavaThread "Daemon Thread 4" [_thread_blocked, id=4848, stack(0x0000000034660000,0x0000000034760000)]
  0x000000001b5c5000 JavaThread "pool-3-thread-1" [_thread_blocked, id=16292, stack(0x0000000026720000,0x0000000026820000)]
  0x000000001d797000 JavaThread "pool-1-thread-1" [_thread_blocked, id=10184, stack(0x0000000024330000,0x0000000024430000)]
  0x000000001b5c3000 JavaThread "Memory manager" [_thread_blocked, id=10720, stack(0x0000000021ca0000,0x0000000021da0000)]
  0x0000000019905000 JavaThread "File lock request listener" [_thread_in_native, id=14952, stack(0x000000001b030000,0x000000001b130000)]
  0x00000000198f0000 JavaThread "Cache worker for file hash cache (C:\Users\Administrator\.gradle\caches\4.6\fileHashes)" [_thread_blocked, id=9384, stack(0x000000001af30000,0x000000001b030000)]
  0x000000001981a000 JavaThread "Daemon periodic checks" [_thread_blocked, id=7236, stack(0x000000001a430000,0x000000001a530000)]
  0x00000000195e1000 JavaThread "Incoming local TCP Connector on port 57694" [_thread_in_native, id=4276, stack(0x000000001a260000,0x000000001a360000)]
  0x0000000017e07800 JavaThread "Service Thread" daemon [_thread_blocked, id=12096, stack(0x0000000018690000,0x0000000018790000)]
  0x0000000017ddd000 JavaThread "C1 CompilerThread2" daemon [_thread_blocked, id=12996, stack(0x0000000018590000,0x0000000018690000)]
  0x0000000016a8d800 JavaThread "C2 CompilerThread1" daemon [_thread_blocked, id=2784, stack(0x0000000018490000,0x0000000018590000)]
=>0x0000000016a89000 JavaThread "C2 CompilerThread0" daemon [_thread_in_native, id=13376, stack(0x0000000018390000,0x0000000018490000)]
  0x0000000016a3e800 JavaThread "Attach Listener" daemon [_thread_blocked, id=16188, stack(0x0000000018290000,0x0000000018390000)]
  0x0000000017d98800 JavaThread "Signal Dispatcher" daemon [_thread_blocked, id=5696, stack(0x0000000018190000,0x0000000018290000)]
  0x0000000016a18000 JavaThread "Finalizer" daemon [_thread_blocked, id=16108, stack(0x0000000017c90000,0x0000000017d90000)]
  0x00000000030b3800 JavaThread "Reference Handler" daemon [_thread_blocked, id=14052, stack(0x0000000017b90000,0x0000000017c90000)]
  0x0000000002ebe800 JavaThread "main" [_thread_blocked, id=7064, stack(0x0000000002ec0000,0x0000000002fc0000)]

Other Threads:
  0x00000000169f5000 VMThread [stack: 0x0000000017a90000,0x0000000017b90000] [id=7456]
  0x0000000017e09000 WatcherThread [stack: 0x0000000018790000,0x0000000018890000] [id=6504]

VM state:not at safepoint (normal execution)

VM Mutex/Monitor currently owned by a thread: None

Heap:
 PSYoungGen      total 491008K, used 41597K [0x00000000e0000000, 0x0000000100000000, 0x0000000100000000)
  eden space 463872K, 3% used [0x00000000e0000000,0x00000000e10f9fd0,0x00000000fc500000)
  from space 27136K, 89% used [0x00000000fe480000,0x00000000ffc257e8,0x00000000fff00000)
  to   space 30208K, 0% used [0x00000000fc500000,0x00000000fc500000,0x00000000fe280000)
 ParOldGen       total 215040K, used 105968K [0x00000000a0000000, 0x00000000ad200000, 0x00000000e0000000)
  object space 215040K, 49% used [0x00000000a0000000,0x00000000a677c2a0,0x00000000ad200000)
 Metaspace       used 109196K, capacity 114814K, committed 115072K, reserved 1148928K
  class space    used 13726K, capacity 14943K, committed 14976K, reserved 1048576K

Card table byte_map: [0x0000000012480000,0x0000000012790000] byte_map_base: 0x0000000011f80000

Marking Bits: (ParMarkBitMap*) 0x0000000069995aa0
 Begin Bits: [0x0000000012d90000, 0x0000000014590000)
 End Bits:   [0x0000000014590000, 0x0000000015d90000)

Polling page: 0x0000000000e30000

CodeCache: size=245760Kb used=65370Kb max_used=65397Kb free=180389Kb
 bounds [0x00000000030c0000, 0x0000000007100000, 0x00000000120c0000]
 total_blobs=20224 nmethods=19343 adapters=791
 compilation: enabled

Compilation events (10 events):
Event: 1502.523 Thread 0x0000000017ddd000 nmethod 24485 0x00000000070d5f10 code [0x00000000070d6200, 0x00000000070d80f8]
Event: 1502.523 Thread 0x0000000017ddd000 24486       3       com.sun.org.apache.xerces.internal.dom.NodeImpl::hasStringValue (17 bytes)
Event: 1502.523 Thread 0x0000000017ddd000 nmethod 24486 0x00000000070ba710 code [0x00000000070ba860, 0x00000000070baa10]
Event: 1502.529 Thread 0x0000000017ddd000 24489       3       com.sun.org.apache.xerces.internal.dom.DeferredAttrNSImpl::synchronizeChildren (18 bytes)
Event: 1502.529 Thread 0x0000000017ddd000 nmethod 24489 0x00000000070bde10 code [0x00000000070bdfc0, 0x00000000070be6d8]
Event: 1502.570 Thread 0x0000000016a89000 nmethod 24487 0x00000000070dc210 code [0x00000000070dc640, 0x00000000070de568]
Event: 1502.570 Thread 0x0000000016a89000 24492       4       com.android.utils.XmlUtils::append (540 bytes)
Event: 1502.823 Thread 0x0000000016a8d800 nmethod 24476% 0x00000000070e6a90 code [0x00000000070e6f20, 0x00000000070eb4c8]
Event: 1502.824 Thread 0x0000000016a8d800 24488       4       com.sun.org.apache.xerces.internal.dom.ParentNode::nodeListGetLength (130 bytes)
Event: 1502.829 Thread 0x0000000016a8d800 nmethod 24488 0x00000000070ca090 code [0x00000000070ca1e0, 0x00000000070ca418]

GC Heap History (10 events):
Event: 335.262 GC heap before
{Heap before GC invocations=32 (full 4):
 PSYoungGen      total 386048K, used 363328K [0x00000000e0000000, 0x00000000fcb80000, 0x0000000100000000)
  eden space 359936K, 100% used [0x00000000e0000000,0x00000000f5f80000,0x00000000f5f80000)
  from space 26112K, 12% used [0x00000000f5f80000,0x00000000f62d0010,0x00000000f7900000)
  to   space 26112K, 0% used [0x00000000fb200000,0x00000000fb200000,0x00000000fcb80000)
 ParOldGen       total 215040K, used 101743K [0x00000000a0000000, 0x00000000ad200000, 0x00000000e0000000)
  object space 215040K, 47% used [0x00000000a0000000,0x00000000a635bd58,0x00000000ad200000)
 Metaspace       used 101722K, capacity 106002K, committed 106112K, reserved 1140736K
  class space    used 12922K, capacity 13854K, committed 13952K, reserved 1048576K
Event: 335.386 GC heap after
Heap after GC invocations=32 (full 4):
 PSYoungGen      total 441344K, used 23310K [0x00000000e0000000, 0x00000000fd100000, 0x0000000100000000)
  eden space 415232K, 0% used [0x00000000e0000000,0x00000000e0000000,0x00000000f9580000)
  from space 26112K, 89% used [0x00000000fb200000,0x00000000fc8c39f8,0x00000000fcb80000)
  to   space 29184K, 0% used [0x00000000f9580000,0x00000000f9580000,0x00000000fb200000)
 ParOldGen       total 215040K, used 103071K [0x00000000a0000000, 0x00000000ad200000, 0x00000000e0000000)
  object space 215040K, 47% used [0x00000000a0000000,0x00000000a64a7c70,0x00000000ad200000)
 Metaspace       used 101722K, capacity 106002K, committed 106112K, reserved 1140736K
  class space    used 12922K, capacity 13854K, committed 13952K, reserved 1048576K
}
Event: 339.345 GC heap before
{Heap before GC invocations=33 (full 4):
 PSYoungGen      total 441344K, used 437632K [0x00000000e0000000, 0x00000000fd100000, 0x0000000100000000)
  eden space 415232K, 99% used [0x00000000e0000000,0x00000000f949c7d0,0x00000000f9580000)
  from space 26112K, 89% used [0x00000000fb200000,0x00000000fc8c39f8,0x00000000fcb80000)
  to   space 29184K, 0% used [0x00000000f9580000,0x00000000f9580000,0x00000000fb200000)
 ParOldGen       total 215040K, used 103071K [0x00000000a0000000, 0x00000000ad200000, 0x00000000e0000000)
  object space 215040K, 47% used [0x00000000a0000000,0x00000000a64a7c70,0x00000000ad200000)
 Metaspace       used 103532K, capacity 108116K, committed 108416K, reserved 1142784K
  class space    used 13184K, capacity 14161K, committed 14208K, reserved 1048576K
Event: 339.357 GC heap after
Heap after GC invocations=33 (full 4):
 PSYoungGen      total 444416K, used 6032K [0x00000000e0000000, 0x0000000100000000, 0x0000000100000000)
  eden space 415232K, 0% used [0x00000000e0000000,0x00000000e0000000,0x00000000f9580000)
  from space 29184K, 20% used [0x00000000f9580000,0x00000000f9b640b8,0x00000000fb200000)
  to   space 28672K, 0% used [0x00000000fe400000,0x00000000fe400000,0x0000000100000000)
 ParOldGen       total 215040K, used 105199K [0x00000000a0000000, 0x00000000ad200000, 0x00000000e0000000)
  object space 215040K, 48% used [0x00000000a0000000,0x00000000a66bbd40,0x00000000ad200000)
 Metaspace       used 103532K, capacity 108116K, committed 108416K, reserved 1142784K
  class space    used 13184K, capacity 14161K, committed 14208K, reserved 1048576K
}
Event: 853.793 GC heap before
{Heap before GC invocations=34 (full 4):
 PSYoungGen      total 444416K, used 421141K [0x00000000e0000000, 0x0000000100000000, 0x0000000100000000)
  eden space 415232K, 99% used [0x00000000e0000000,0x00000000f9561558,0x00000000f9580000)
  from space 29184K, 20% used [0x00000000f9580000,0x00000000f9b640b8,0x00000000fb200000)
  to   space 28672K, 0% used [0x00000000fe400000,0x00000000fe400000,0x0000000100000000)
 ParOldGen       total 215040K, used 105199K [0x00000000a0000000, 0x00000000ad200000, 0x00000000e0000000)
  object space 215040K, 48% used [0x00000000a0000000,0x00000000a66bbd40,0x00000000ad200000)
 Metaspace       used 104429K, capacity 109226K, committed 109312K, reserved 1144832K
  class space    used 13244K, capacity 14262K, committed 14336K, reserved 1048576K
Event: 853.809 GC heap after
Heap after GC invocations=34 (full 4):
 PSYoungGen      total 493568K, used 6908K [0x00000000e0000000, 0x00000000ffe80000, 0x0000000100000000)
  eden space 466432K, 0% used [0x00000000e0000000,0x00000000e0000000,0x00000000fc780000)
  from space 27136K, 25% used [0x00000000fe400000,0x00000000feabf100,0x00000000ffe80000)
  to   space 28160K, 0% used [0x00000000fc780000,0x00000000fc780000,0x00000000fe300000)
 ParOldGen       total 215040K, used 105952K [0x00000000a0000000, 0x00000000ad200000, 0x00000000e0000000)
  object space 215040K, 49% used [0x00000000a0000000,0x00000000a67782a0,0x00000000ad200000)
 Metaspace       used 104429K, capacity 109226K, committed 109312K, reserved 1144832K
  class space    used 13244K, capacity 14262K, committed 14336K, reserved 1048576K
}
Event: 886.313 GC heap before
{Heap before GC invocations=35 (full 4):
 PSYoungGen      total 493568K, used 473340K [0x00000000e0000000, 0x00000000ffe80000, 0x0000000100000000)
  eden space 466432K, 100% used [0x00000000e0000000,0x00000000fc780000,0x00000000fc780000)
  from space 27136K, 25% used [0x00000000fe400000,0x00000000feabf100,0x00000000ffe80000)
  to   space 28160K, 0% used [0x00000000fc780000,0x00000000fc780000,0x00000000fe300000)
 ParOldGen       total 215040K, used 105952K [0x00000000a0000000, 0x00000000ad200000, 0x00000000e0000000)
  object space 215040K, 49% used [0x00000000a0000000,0x00000000a67782a0,0x00000000ad200000)
 Metaspace       used 105252K, capacity 110134K, committed 110464K, reserved 1144832K
  class space    used 13313K, capacity 14367K, committed 14464K, reserved 1048576K
Event: 886.326 GC heap after
Heap after GC invocations=35 (full 4):
 PSYoungGen      total 494592K, used 6884K [0x00000000e0000000, 0x00000000fff00000, 0x0000000100000000)
  eden space 466432K, 0% used [0x00000000e0000000,0x00000000e0000000,0x00000000fc780000)
  from space 28160K, 24% used [0x00000000fc780000,0x00000000fce393c8,0x00000000fe300000)
  to   space 27136K, 0% used [0x00000000fe480000,0x00000000fe480000,0x00000000fff00000)
 ParOldGen       total 215040K, used 105960K [0x00000000a0000000, 0x00000000ad200000, 0x00000000e0000000)
  object space 215040K, 49% used [0x00000000a0000000,0x00000000a677a2a0,0x00000000ad200000)
 Metaspace       used 105252K, capacity 110134K, committed 110464K, reserved 1144832K
  class space    used 13313K, capacity 14367K, committed 14464K, reserved 1048576K
}
Event: 1502.208 GC heap before
{Heap before GC invocations=36 (full 4):
 PSYoungGen      total 494592K, used 473316K [0x00000000e0000000, 0x00000000fff00000, 0x0000000100000000)
  eden space 466432K, 100% used [0x00000000e0000000,0x00000000fc780000,0x00000000fc780000)
  from space 28160K, 24% used [0x00000000fc780000,0x00000000fce393c8,0x00000000fe300000)
  to   space 27136K, 0% used [0x00000000fe480000,0x00000000fe480000,0x00000000fff00000)
 ParOldGen       total 215040K, used 105960K [0x00000000a0000000, 0x00000000ad200000, 0x00000000e0000000)
  object space 215040K, 49% used [0x00000000a0000000,0x00000000a677a2a0,0x00000000ad200000)
 Metaspace       used 109192K, capacity 114814K, committed 115072K, reserved 1148928K
  class space    used 13725K, capacity 14943K, committed 14976K, reserved 1048576K
Event: 1502.250 GC heap after
Heap after GC invocations=36 (full 4):
 PSYoungGen      total 491008K, used 24213K [0x00000000e0000000, 0x0000000100000000, 0x0000000100000000)
  eden space 463872K, 0% used [0x00000000e0000000,0x00000000e0000000,0x00000000fc500000)
  from space 27136K, 89% used [0x00000000fe480000,0x00000000ffc257e8,0x00000000fff00000)
  to   space 30208K, 0% used [0x00000000fc500000,0x00000000fc500000,0x00000000fe280000)
 ParOldGen       total 215040K, used 105968K [0x00000000a0000000, 0x00000000ad200000, 0x00000000e0000000)
  object space 215040K, 49% used [0x00000000a0000000,0x00000000a677c2a0,0x00000000ad200000)
 Metaspace       used 109192K, capacity 114814K, committed 115072K, reserved 1148928K
  class space    used 13725K, capacity 14943K, committed 14976K, reserved 1048576K
}

Deoptimization events (10 events):
Event: 1502.363 Thread 0x000000001baec000 Uncommon trap: reason=bimorphic action=maybe_recompile pc=0x000000000373b3e0 method=com.android.utils.XmlUtils.getSourceFilePosition(Lorg/w3c/dom/Node;)Lcom/android/ide/common/blame/SourceFilePosition; @ 3
Event: 1502.363 Thread 0x000000001baec000 Uncommon trap: reason=null_check action=make_not_entrant pc=0x000000000519e3b0 method=com.sun.org.apache.xerces.internal.dom.CoreDocumentImpl.getUserData(Lorg/w3c/dom/Node;Ljava/lang/String;)Ljava/lang/Object; @ 36
Event: 1502.363 Thread 0x000000001baec000 Uncommon trap: reason=bimorphic action=maybe_recompile pc=0x00000000054fe380 method=com.android.utils.XmlUtils.append(Lcom/android/utils/XmlUtils$PositionAwareStringBuilder;Lorg/w3c/dom/Node;Ljava/util/Map;)V @ 230
Event: 1502.363 Thread 0x000000001baec000 Uncommon trap: reason=class_check action=maybe_recompile pc=0x00000000054fdd20 method=com.android.utils.XmlUtils.append(Lcom/android/utils/XmlUtils$PositionAwareStringBuilder;Lorg/w3c/dom/Node;Ljava/util/Map;)V @ 171
Event: 1502.363 Thread 0x000000001baec000 Uncommon trap: reason=bimorphic action=maybe_recompile pc=0x000000000373b3e0 method=com.android.utils.XmlUtils.getSourceFilePosition(Lorg/w3c/dom/Node;)Lcom/android/ide/common/blame/SourceFilePosition; @ 3
Event: 1502.363 Thread 0x000000001baec000 Uncommon trap: reason=bimorphic action=maybe_recompile pc=0x00000000054fe380 method=com.android.utils.XmlUtils.append(Lcom/android/utils/XmlUtils$PositionAwareStringBuilder;Lorg/w3c/dom/Node;Ljava/util/Map;)V @ 230
Event: 1502.363 Thread 0x000000001baec000 Uncommon trap: reason=class_check action=maybe_recompile pc=0x00000000054fdd20 method=com.android.utils.XmlUtils.append(Lcom/android/utils/XmlUtils$PositionAwareStringBuilder;Lorg/w3c/dom/Node;Ljava/util/Map;)V @ 171
Event: 1502.363 Thread 0x000000001baec000 Uncommon trap: reason=bimorphic action=maybe_recompile pc=0x000000000373b3e0 method=com.android.utils.XmlUtils.getSourceFilePosition(Lorg/w3c/dom/Node;)Lcom/android/ide/common/blame/SourceFilePosition; @ 3
Event: 1502.363 Thread 0x000000001baec000 Uncommon trap: reason=bimorphic action=maybe_recompile pc=0x00000000054fe380 method=com.android.utils.XmlUtils.append(Lcom/android/utils/XmlUtils$PositionAwareStringBuilder;Lorg/w3c/dom/Node;Ljava/util/Map;)V @ 230
Event: 1502.363 Thread 0x000000001baec000 Uncommon trap: reason=bimorphic action=maybe_recompile pc=0x000000000373b3e0 method=com.android.utils.XmlUtils.getSourceFilePosition(Lorg/w3c/dom/Node;)Lcom/android/ide/common/blame/SourceFilePosition; @ 3

Classes redefined (0 events):
No events

Internal exceptions (10 events):
Event: 1499.936 Thread 0x000000002a939000 Exception <a 'sun/nio/fs/WindowsException'> (0x00000000f49edf90) thrown at [D:\src\AOSP-openjdk-cygwin\jdk8u\hotspot\src\share\vm\prims\jni.cpp, line 709]
Event: 1499.937 Thread 0x000000002a939000 Exception <a 'sun/nio/fs/WindowsException'> (0x00000000f49f0a20) thrown at [D:\src\AOSP-openjdk-cygwin\jdk8u\hotspot\src\share\vm\prims\jni.cpp, line 709]
Event: 1499.937 Thread 0x000000002a939000 Exception <a 'sun/nio/fs/WindowsException'> (0x00000000f49f1420) thrown at [D:\src\AOSP-openjdk-cygwin\jdk8u\hotspot\src\share\vm\prims\jni.cpp, line 709]
Event: 1499.937 Thread 0x000000002a939000 Exception <a 'sun/nio/fs/WindowsException'> (0x00000000f49f3128) thrown at [D:\src\AOSP-openjdk-cygwin\jdk8u\hotspot\src\share\vm\prims\jni.cpp, line 709]
Event: 1499.937 Thread 0x000000002a939000 Exception <a 'sun/nio/fs/WindowsException'> (0x00000000f49f3b38) thrown at [D:\src\AOSP-openjdk-cygwin\jdk8u\hotspot\src\share\vm\prims\jni.cpp, line 709]
Event: 1499.938 Thread 0x000000002a939000 Exception <a 'sun/nio/fs/WindowsException'> (0x00000000f49f6e90) thrown at [D:\src\AOSP-openjdk-cygwin\jdk8u\hotspot\src\share\vm\prims\jni.cpp, line 709]
Event: 1499.938 Thread 0x000000002a939000 Exception <a 'sun/nio/fs/WindowsException'> (0x00000000f49f7800) thrown at [D:\src\AOSP-openjdk-cygwin\jdk8u\hotspot\src\share\vm\prims\jni.cpp, line 709]
Event: 1499.938 Thread 0x000000002a939000 Exception <a 'sun/nio/fs/WindowsException'> (0x00000000f49f93a0) thrown at [D:\src\AOSP-openjdk-cygwin\jdk8u\hotspot\src\share\vm\prims\jni.cpp, line 709]
Event: 1499.938 Thread 0x000000002a939000 Exception <a 'sun/nio/fs/WindowsException'> (0x00000000f49f9d30) thrown at [D:\src\AOSP-openjdk-cygwin\jdk8u\hotspot\src\share\vm\prims\jni.cpp, line 709]
Event: 1502.363 Thread 0x000000001baec000 Implicit null exception at 0x000000000519e01b to 0x000000000519e3a5

Events (10 events):
Event: 1502.363 Thread 0x000000001baec000 Uncommon trap: trap_request=0xffffffc6 fr.pc=0x00000000054fe380
Event: 1502.363 Thread 0x000000001baec000 DEOPT PACKING pc=0x00000000054fe380 sp=0x000000003585cfd0
Event: 1502.363 Thread 0x000000001baec000 DEOPT UNPACKING pc=0x000000000310557b sp=0x000000003585cfd0 mode 2
Event: 1502.363 Thread 0x000000001baec000 Uncommon trap: trap_request=0xffffffc6 fr.pc=0x000000000373b3e0
Event: 1502.363 Thread 0x000000001baec000 DEOPT PACKING pc=0x000000000373b3e0 sp=0x000000003585cfa0
Event: 1502.363 Thread 0x000000001baec000 DEOPT UNPACKING pc=0x000000000310557b sp=0x000000003585cf68 mode 2
Event: 1502.574 Thread 0x000000001bae5800 Thread added: 0x000000001bae5800
Event: 1502.574 Thread 0x000000001baed000 Thread added: 0x000000001baed000
Event: 1502.637 Thread 0x000000001bae9000 Thread added: 0x000000001bae9000
Event: 1502.637 Thread 0x000000001bae6000 Thread added: 0x000000001bae6000


Dynamic libraries:
0x00007ff72ed60000 - 0x00007ff72ed91000 	C:\Program Files\Android\Android Studio\jre\bin\java.exe
0x00007ffae5630000 - 0x00007ffae5811000 	C:\WINDOWS\SYSTEM32\ntdll.dll
0x00007ffae3250000 - 0x00007ffae3301000 	C:\WINDOWS\System32\KERNEL32.DLL
0x00007ffae2650000 - 0x00007ffae28c3000 	C:\WINDOWS\System32\KERNELBASE.dll
0x00007ffae3440000 - 0x00007ffae34e1000 	C:\WINDOWS\System32\ADVAPI32.dll
0x00007ffae2ac0000 - 0x00007ffae2b5e000 	C:\WINDOWS\System32\msvcrt.dll
0x00007ffae54a0000 - 0x00007ffae54fb000 	C:\WINDOWS\System32\sechost.dll
0x00007ffae3310000 - 0x00007ffae3434000 	C:\WINDOWS\System32\RPCRT4.dll
0x00007ffae34f0000 - 0x00007ffae3680000 	C:\WINDOWS\System32\USER32.dll
0x00007ffae2950000 - 0x00007ffae2970000 	C:\WINDOWS\System32\win32u.dll
0x00007ffae3990000 - 0x00007ffae39b8000 	C:\WINDOWS\System32\GDI32.dll
0x00007ffae1ab0000 - 0x00007ffae1c41000 	C:\WINDOWS\System32\gdi32full.dll
0x00007ffae2a20000 - 0x00007ffae2abf000 	C:\WINDOWS\System32\msvcp_win.dll
0x00007ffae1c50000 - 0x00007ffae1d48000 	C:\WINDOWS\System32\ucrtbase.dll
0x00007ffacfeb0000 - 0x00007ffad0119000 	C:\WINDOWS\WinSxS\amd64_microsoft.windows.common-controls_6595b64144ccf1df_6.0.17134.829_none_fb46a5473061b9d5\COMCTL32.dll
0x00007ffae2b60000 - 0x00007ffae2e82000 	C:\WINDOWS\System32\combase.dll
0x00007ffae28d0000 - 0x00007ffae294a000 	C:\WINDOWS\System32\bcryptPrimitives.dll
0x00007ffae5570000 - 0x00007ffae559d000 	C:\WINDOWS\System32\IMM32.DLL
0x00000000690a0000 - 0x0000000069172000 	C:\Program Files\Android\Android Studio\jre\jre\bin\msvcr100.dll
0x00000000691d0000 - 0x0000000069a11000 	C:\Program Files\Android\Android Studio\jre\jre\bin\server\jvm.dll
0x00007ffae3e80000 - 0x00007ffae3e88000 	C:\WINDOWS\System32\PSAPI.DLL
0x00007ffae0560000 - 0x00007ffae0569000 	C:\WINDOWS\SYSTEM32\WSOCK32.dll
0x00007ffad1580000 - 0x00007ffad158a000 	C:\WINDOWS\SYSTEM32\VERSION.dll
0x00007ffadf710000 - 0x00007ffadf733000 	C:\WINDOWS\SYSTEM32\WINMM.dll
0x00007ffae39c0000 - 0x00007ffae3a2c000 	C:\WINDOWS\System32\WS2_32.dll
0x00007ffadf600000 - 0x00007ffadf62a000 	C:\WINDOWS\SYSTEM32\winmmbase.dll
0x00007ffae1a00000 - 0x00007ffae1a49000 	C:\WINDOWS\System32\cfgmgr32.dll
0x00007ffadce20000 - 0x00007ffadce2f000 	C:\Program Files\Android\Android Studio\jre\jre\bin\verify.dll
0x00007ffadba60000 - 0x00007ffadba89000 	C:\Program Files\Android\Android Studio\jre\jre\bin\java.dll
0x00007ffadbf90000 - 0x00007ffadbfa6000 	C:\Program Files\Android\Android Studio\jre\jre\bin\zip.dll
0x00007ffae4060000 - 0x00007ffae54a0000 	C:\WINDOWS\System32\SHELL32.dll
0x00007ffae31a0000 - 0x00007ffae3249000 	C:\WINDOWS\System32\shcore.dll
0x00007ffae1d50000 - 0x00007ffae245d000 	C:\WINDOWS\System32\windows.storage.dll
0x00007ffae5510000 - 0x00007ffae5561000 	C:\WINDOWS\System32\shlwapi.dll
0x00007ffae19e0000 - 0x00007ffae19f1000 	C:\WINDOWS\System32\kernel.appcore.dll
0x00007ffae19a0000 - 0x00007ffae19bf000 	C:\WINDOWS\System32\profapi.dll
0x00007ffae1950000 - 0x00007ffae199c000 	C:\WINDOWS\System32\powrprof.dll
0x00007ffae1940000 - 0x00007ffae194a000 	C:\WINDOWS\System32\FLTLIB.DLL
0x00007ffada1f0000 - 0x00007ffada20a000 	C:\Program Files\Android\Android Studio\jre\jre\bin\net.dll
0x00007ffae1160000 - 0x00007ffae11c6000 	C:\WINDOWS\system32\mswsock.dll
0x00007ffada1b0000 - 0x00007ffada1c1000 	C:\Program Files\Android\Android Studio\jre\jre\bin\nio.dll
0x00007ffadf860000 - 0x00007ffadf87e000 	C:\Users\Administrator\.gradle\native\25\windows-amd64\native-platform.dll
0x00007ffadce10000 - 0x00007ffadce1d000 	C:\Program Files\Android\Android Studio\jre\jre\bin\management.dll
0x00007ffae1310000 - 0x00007ffae1327000 	C:\WINDOWS\SYSTEM32\CRYPTSP.dll
0x00007ffae0d50000 - 0x00007ffae0d83000 	C:\WINDOWS\system32\rsaenh.dll
0x00007ffae14a0000 - 0x00007ffae14c5000 	C:\WINDOWS\SYSTEM32\bcrypt.dll
0x00007ffae1870000 - 0x00007ffae1898000 	C:\WINDOWS\SYSTEM32\USERENV.dll
0x00007ffae1330000 - 0x00007ffae133b000 	C:\WINDOWS\SYSTEM32\CRYPTBASE.dll
0x00007ffae0ef0000 - 0x00007ffae0f28000 	C:\WINDOWS\SYSTEM32\IPHLPAPI.DLL
0x00007ffae5500000 - 0x00007ffae5508000 	C:\WINDOWS\System32\NSI.dll
0x00007ffad55b0000 - 0x00007ffad55c6000 	C:\WINDOWS\SYSTEM32\dhcpcsvc6.DLL
0x00007ffad5560000 - 0x00007ffad557a000 	C:\WINDOWS\SYSTEM32\dhcpcsvc.DLL
0x00007ffae0a40000 - 0x00007ffae0a71000 	C:\WINDOWS\SYSTEM32\ntmarta.dll

VM Arguments:
jvm_args: -Xmx1536m -Dfile.encoding=x-windows-949 -Duser.country=KR -Duser.language=ko -Duser.variant 
java_command: org.gradle.launcher.daemon.bootstrap.GradleDaemon 4.6
java_class_path (initial): C:\Users\Administrator\.gradle\wrapper\dists\gradle-4.6-all\bcst21l2brirad8k2ben1letg\gradle-4.6\lib\gradle-launcher-4.6.jar
Launcher Type: SUN_STANDARD

Environment Variables:
JAVA_HOME=C:\Program Files\Java\jdk-9.0.1
PATH=C:\Program Files (x86)\NAT Service;C:\Program Files (x86)\Common Files\Oracle\Java\javapath;C:\ProgramData\Oracle\Java\javapath;C:\WINDOWS\system32;C:\WINDOWS;C:\WINDOWS\System32\Wbem;C:\WINDOWS\System32\WindowsPowerShell\v1.0\;C:\WINDOWS\system32\config\systemprofile\.dnx\bin;C:\Program Files\Microsoft DNX\Dnvm\;C:\Program Files\Microsoft SQL Server\130\Tools\Binn\;C:\Program Files\Git\cmd;C:\Program Files\apache-maven-3.5.3-bin\apache-maven-3.5.3\bin;C:\Program Files\Java\jdk-9.0.1;C:\zeroth-master\zeroth-master;C:\WINDOWS\System32\OpenSSH\;C:\Users\Administrator\glutdlls37beta;C:\adb;;C:\Program Files\Anaconda3;C:\Program Files\Anaconda3\Scripts;C:\Program Files\Anaconda3\Library\bin;C:\Users\Administrator\AppData\Local\Programs\Python\Python37\Scripts\;C:\Users\Administrator\AppData\Local\Programs\Python\Python37\;C:\tizen-studio-1\tools\ide\bin;C:\tizen-studio\tools\ide\bin;C:\Users\Administrator\AppData\Local\Microsoft\WindowsApps;C:\Users\Administrator\AppData\Local\Microsoft\WindowsApps;C:\Program Files\CMake\bin
USERNAME=Administrator
OS=Windows_NT
PROCESSOR_IDENTIFIER=Intel64 Family 6 Model 142 Stepping 9, GenuineIntel



---------------  S Y S T E M  ---------------

OS: Windows 10.0 , 64 bit Build 17134 (10.0.17134.753)

CPU:total 4 (initial active 4) (2 cores per cpu, 2 threads per core) family 6 model 142 stepping 9, cmov, cx8, fxsr, mmx, sse, sse2, sse3, ssse3, sse4.1, sse4.2, popcnt, avx, avx2, aes, clmul, erms, 3dnowpref, lzcnt, ht, tsc, tscinvbit, bmi1, bmi2, adx

Memory: 4k page, physical 8048852k(405128k free), swap 12349652k(3868k free)

vm_info: OpenJDK 64-Bit Server VM (25.152-b06) for windows-amd64 JRE (1.8.0_152-release-1136-b06), built by "builder" with MS VC++ 10.0 (VS2010)

time: Thu Jun 27 11:14:33 2019
elapsed time: 1503 seconds (0d 0h 25m 3s)

